# JRE version: Java(TM) SE Runtime Environment (8.0_202-b08) (build 1.8.0_202-b08)
# Java VM: Java HotSpot(TM) 64-Bit Server VM (25.202-b08 mixed mode windows-amd64 compressed oops)
Heap:
 PSYoungGen      total 145408K, used 109434K [0x00000000d5d00000, 0x00000000df800000, 0x0000000100000000)
  eden space 132608K, 82% used [0x00000000d5d00000,0x00000000dc7de858,0x00000000dde80000)
  from space 12800K, 0% used [0x00000000dde80000,0x00000000dde80000,0x00000000deb00000)
  to   space 12288K, 0% used [0x00000000deb00000,0x00000000deb00000,0x00000000df700000)
 ParOldGen       total 71680K, used 19558K [0x0000000081600000, 0x0000000085c00000, 0x00000000d5d00000)
  object space 71680K, 27% used [0x0000000081600000,0x00000000829199a8,0x0000000085c00000)
 Metaspace       used 24158K, capacity 24690K, committed 24960K, reserved 1071104K
  class space    used 2763K, capacity 2912K, committed 2944K, reserved 1048576K
GC Heap History (10 events):
Event: 1.798 GC heap before
{Heap before GC invocations=4 (full 0):
 PSYoungGen      total 38400K, used 38392K [0x00000000d5d00000, 0x00000000da800000, 0x0000000100000000)
  eden space 33280K, 100% used [0x00000000d5d00000,0x00000000d7d80000,0x00000000d7d80000)
  from space 5120K, 99% used [0x00000000d7d80000,0x00000000d827e030,0x00000000d8280000)
  to   space 5120K, 0% used [0x00000000da300000,0x00000000da300000,0x00000000da800000)
 ParOldGen       total 87552K, used 4808K [0x0000000081600000, 0x0000000086b80000, 0x00000000d5d00000)
  object space 87552K, 5% used [0x0000000081600000,0x0000000081ab2170,0x0000000086b80000)
 Metaspace       used 15676K, capacity 16058K, committed 16384K, reserved 1062912K
  class space    used 1900K, capacity 2009K, committed 2048K, reserved 1048576K
Event: 1.805 GC heap after
Heap after GC invocations=4 (full 0):
 PSYoungGen      total 71680K, used 5112K [0x00000000d5d00000, 0x00000000da800000, 0x0000000100000000)
  eden space 66560K, 0% used [0x00000000d5d00000,0x00000000d5d00000,0x00000000d9e00000)
  from space 5120K, 99% used [0x00000000da300000,0x00000000da7fe010,0x00000000da800000)
  to   space 5120K, 0% used [0x00000000d9e00000,0x00000000d9e00000,0x00000000da300000)
 ParOldGen       total 87552K, used 8087K [0x0000000081600000, 0x0000000086b80000, 0x00000000d5d00000)
  object space 87552K, 9% used [0x0000000081600000,0x0000000081de5d30,0x0000000086b80000)
 Metaspace       used 15676K, capacity 16058K, committed 16384K, reserved 1062912K
  class space    used 1900K, capacity 2009K, committed 2048K, reserved 1048576K
}
Event: 2.295 GC heap before
{Heap before GC invocations=5 (full 0):
 PSYoungGen      total 71680K, used 71672K [0x00000000d5d00000, 0x00000000da800000, 0x0000000100000000)
  eden space 66560K, 100% used [0x00000000d5d00000,0x00000000d9e00000,0x00000000d9e00000)
  from space 5120K, 99% used [0x00000000da300000,0x00000000da7fe010,0x00000000da800000)
  to   space 5120K, 0% used [0x00000000d9e00000,0x00000000d9e00000,0x00000000da300000)
 ParOldGen       total 87552K, used 8087K [0x0000000081600000, 0x0000000086b80000, 0x00000000d5d00000)
  object space 87552K, 9% used [0x0000000081600000,0x0000000081de5d30,0x0000000086b80000)
 Metaspace       used 16068K, capacity 16432K, committed 16640K, reserved 1064960K
  class space    used 1919K, capacity 2018K, committed 2048K, reserved 1048576K
Event: 2.308 GC heap after
Heap after GC invocations=5 (full 0):
 PSYoungGen      total 71680K, used 5112K [0x00000000d5d00000, 0x00000000df700000, 0x0000000100000000)
  eden space 66560K, 0% used [0x00000000d5d00000,0x00000000d5d00000,0x00000000d9e00000)
  from space 5120K, 99% used [0x00000000d9e00000,0x00000000da2fe030,0x00000000da300000)
  to   space 12288K, 0% used [0x00000000deb00000,0x00000000deb00000,0x00000000df700000)
 ParOldGen       total 87552K, used 14237K [0x0000000081600000, 0x0000000086b80000, 0x00000000d5d00000)
  object space 87552K, 16% used [0x0000000081600000,0x00000000823e75a0,0x0000000086b80000)
 Metaspace       used 16068K, capacity 16432K, committed 16640K, reserved 1064960K
  class space    used 1919K, capacity 2018K, committed 2048K, reserved 1048576K
}
Event: 2.837 GC heap before
{Heap before GC invocations=6 (full 0):
 PSYoungGen      total 71680K, used 71672K [0x00000000d5d00000, 0x00000000df700000, 0x0000000100000000)
  eden space 66560K, 100% used [0x00000000d5d00000,0x00000000d9e00000,0x00000000d9e00000)
  from space 5120K, 99% used [0x00000000d9e00000,0x00000000da2fe030,0x00000000da300000)
  to   space 12288K, 0% used [0x00000000deb00000,0x00000000deb00000,0x00000000df700000)
 ParOldGen       total 87552K, used 14237K [0x0000000081600000, 0x0000000086b80000, 0x00000000d5d00000)
  object space 87552K, 16% used [0x0000000081600000,0x00000000823e75a0,0x0000000086b80000)
 Metaspace       used 17342K, capacity 17760K, committed 18048K, reserved 1064960K
  class space    used 2033K, capacity 2158K, committed 2176K, reserved 1048576K
Event: 2.849 GC heap after
Heap after GC invocations=6 (full 0):
 PSYoungGen      total 144896K, used 10181K [0x00000000d5d00000, 0x00000000df800000, 0x0000000100000000)
  eden space 132608K, 0% used [0x00000000d5d00000,0x00000000d5d00000,0x00000000dde80000)
  from space 12288K, 82% used [0x00000000deb00000,0x00000000df4f1540,0x00000000df700000)
  to   space 12800K, 0% used [0x00000000dde80000,0x00000000dde80000,0x00000000deb00000)
 ParOldGen       total 87552K, used 14245K [0x0000000081600000, 0x0000000086b80000, 0x00000000d5d00000)
  object space 87552K, 16% used [0x0000000081600000,0x00000000823e95a0,0x0000000086b80000)
 Metaspace       used 17342K, capacity 17760K, committed 18048K, reserved 1064960K
  class space    used 2033K, capacity 2158K, committed 2176K, reserved 1048576K
}
Event: 3.368 GC heap before
{Heap before GC invocations=7 (full 0):
 PSYoungGen      total 144896K, used 36709K [0x00000000d5d00000, 0x00000000df800000, 0x0000000100000000)
  eden space 132608K, 20% used [0x00000000d5d00000,0x00000000d76e81f0,0x00000000dde80000)
  from space 12288K, 82% used [0x00000000deb00000,0x00000000df4f1540,0x00000000df700000)
  to   space 12800K, 0% used [0x00000000dde80000,0x00000000dde80000,0x00000000deb00000)
 ParOldGen       total 87552K, used 14245K [0x0000000081600000, 0x0000000086b80000, 0x00000000d5d00000)
  object space 87552K, 16% used [0x0000000081600000,0x00000000823e95a0,0x0000000086b80000)
 Metaspace       used 20627K, capacity 21088K, committed 21296K, reserved 1069056K
  class space    used 2463K, capacity 2590K, committed 2688K, reserved 1048576K
Event: 3.461 GC heap after
Heap after GC invocations=7 (full 0):
 PSYoungGen      total 145408K, used 9083K [0x00000000d5d00000, 0x00000000df800000, 0x0000000100000000)
  eden space 132608K, 0% used [0x00000000d5d00000,0x00000000d5d00000,0x00000000dde80000)
  from space 12800K, 70% used [0x00000000dde80000,0x00000000de75ef70,0x00000000deb00000)
  to   space 12288K, 0% used [0x00000000deb00000,0x00000000deb00000,0x00000000df700000)
 ParOldGen       total 87552K, used 16034K [0x0000000081600000, 0x0000000086b80000, 0x00000000d5d00000)
  object space 87552K, 18% used [0x0000000081600000,0x00000000825a89b8,0x0000000086b80000)
 Metaspace       used 20627K, capacity 21088K, committed 21296K, reserved 1069056K
  class space    used 2463K, capacity 2590K, committed 2688K, reserved 1048576K
}
Event: 3.461 GC heap before
{Heap before GC invocations=8 (full 1):
 PSYoungGen      total 145408K, used 9083K [0x00000000d5d00000, 0x00000000df800000, 0x0000000100000000)
  eden space 132608K, 0% used [0x00000000d5d00000,0x00000000d5d00000,0x00000000dde80000)
  from space 12800K, 70% used [0x00000000dde80000,0x00000000de75ef70,0x00000000deb00000)
  to   space 12288K, 0% used [0x00000000deb00000,0x00000000deb00000,0x00000000df700000)
 ParOldGen       total 87552K, used 16034K [0x0000000081600000, 0x0000000086b80000, 0x00000000d5d00000)
  object space 87552K, 18% used [0x0000000081600000,0x00000000825a89b8,0x0000000086b80000)
 Metaspace       used 20627K, capacity 21088K, committed 21296K, reserved 1069056K
  class space    used 2463K, capacity 2590K, committed 2688K, reserved 1048576K
Event: 3.566 GC heap after
Heap after GC invocations=8 (full 1):
 PSYoungGen      total 145408K, used 0K [0x00000000d5d00000, 0x00000000df800000, 0x0000000100000000)
  eden space 132608K, 0% used [0x00000000d5d00000,0x00000000d5d00000,0x00000000dde80000)
  from space 12800K, 0% used [0x00000000dde80000,0x00000000dde80000,0x00000000deb00000)
  to   space 12288K, 0% used [0x00000000deb00000,0x00000000deb00000,0x00000000df700000)
 ParOldGen       total 71680K, used 19558K [0x0000000081600000, 0x0000000085c00000, 0x00000000d5d00000)
  object space 71680K, 27% used [0x0000000081600000,0x00000000829199a8,0x0000000085c00000)
 Metaspace       used 20627K, capacity 21088K, committed 21296K, reserved 1069056K
  class space    used 2463K, capacity 2590K, committed 2688K, reserved 1048576K
}

