# JRE version: Java(TM) SE Runtime Environment (8.0_202-b08) (build 1.8.0_202-b08)
# Java VM: Java HotSpot(TM) 64-Bit Server VM (25.202-b08 mixed mode windows-amd64 compressed oops)
Heap:
 PSYoungGen      total 169472K, used 52227K [0x00000000d5d00000, 0x00000000e1b80000, 0x0000000100000000)
  eden space 162816K, 28% used [0x00000000d5d00000,0x00000000d89a92f0,0x00000000dfc00000)
  from space 6656K, 97% used [0x00000000e1500000,0x00000000e1b57b28,0x00000000e1b80000)
  to   space 10240K, 0% used [0x00000000e0780000,0x00000000e0780000,0x00000000e1180000)
 ParOldGen       total 53760K, used 13572K [0x0000000081600000, 0x0000000084a80000, 0x00000000d5d00000)
  object space 53760K, 25% used [0x0000000081600000,0x0000000082341120,0x0000000084a80000)
 Metaspace       used 37808K, capacity 39506K, committed 39600K, reserved 1083392K
  class space    used 4892K, capacity 5203K, committed 5296K, reserved 1048576K
GC Heap History (10 events):
Event: 1.778 GC heap before
{Heap before GC invocations=6 (full 1):
 PSYoungGen      total 71680K, used 66560K [0x00000000d5d00000, 0x00000000da800000, 0x0000000100000000)
  eden space 66560K, 100% used [0x00000000d5d00000,0x00000000d9e00000,0x00000000d9e00000)
  from space 5120K, 0% used [0x00000000da300000,0x00000000da300000,0x00000000da800000)
  to   space 5120K, 0% used [0x00000000d9e00000,0x00000000d9e00000,0x00000000da300000)
 ParOldGen       total 53760K, used 6835K [0x0000000081600000, 0x0000000084a80000, 0x00000000d5d00000)
  object space 53760K, 12% used [0x0000000081600000,0x0000000081cacc00,0x0000000084a80000)
 Metaspace       used 26113K, capacity 26984K, committed 27184K, reserved 1073152K
  class space    used 3388K, capacity 3614K, committed 3632K, reserved 1048576K
Event: 1.789 GC heap after
Heap after GC invocations=6 (full 1):
 PSYoungGen      total 71680K, used 5092K [0x00000000d5d00000, 0x00000000ddb80000, 0x0000000100000000)
  eden space 66560K, 0% used [0x00000000d5d00000,0x00000000d5d00000,0x00000000d9e00000)
  from space 5120K, 99% used [0x00000000d9e00000,0x00000000da2f9270,0x00000000da300000)
  to   space 9216K, 0% used [0x00000000dd280000,0x00000000dd280000,0x00000000ddb80000)
 ParOldGen       total 53760K, used 10069K [0x0000000081600000, 0x0000000084a80000, 0x00000000d5d00000)
  object space 53760K, 18% used [0x0000000081600000,0x0000000081fd5690,0x0000000084a80000)
 Metaspace       used 26113K, capacity 26984K, committed 27184K, reserved 1073152K
  class space    used 3388K, capacity 3614K, committed 3632K, reserved 1048576K
}
Event: 2.348 GC heap before
{Heap before GC invocations=7 (full 1):
 PSYoungGen      total 71680K, used 71652K [0x00000000d5d00000, 0x00000000ddb80000, 0x0000000100000000)
  eden space 66560K, 100% used [0x00000000d5d00000,0x00000000d9e00000,0x00000000d9e00000)
  from space 5120K, 99% used [0x00000000d9e00000,0x00000000da2f9270,0x00000000da300000)
  to   space 9216K, 0% used [0x00000000dd280000,0x00000000dd280000,0x00000000ddb80000)
 ParOldGen       total 53760K, used 10069K [0x0000000081600000, 0x0000000084a80000, 0x00000000d5d00000)
  object space 53760K, 18% used [0x0000000081600000,0x0000000081fd5690,0x0000000084a80000)
 Metaspace       used 30793K, capacity 31858K, committed 31920K, reserved 1077248K
  class space    used 3984K, capacity 4213K, committed 4272K, reserved 1048576K
Event: 2.358 GC heap after
Heap after GC invocations=7 (full 1):
 PSYoungGen      total 118272K, used 8715K [0x00000000d5d00000, 0x00000000ddb80000, 0x0000000100000000)
  eden space 109056K, 0% used [0x00000000d5d00000,0x00000000d5d00000,0x00000000dc780000)
  from space 9216K, 94% used [0x00000000dd280000,0x00000000ddb02f70,0x00000000ddb80000)
  to   space 9728K, 0% used [0x00000000dc880000,0x00000000dc880000,0x00000000dd200000)
 ParOldGen       total 53760K, used 10077K [0x0000000081600000, 0x0000000084a80000, 0x00000000d5d00000)
  object space 53760K, 18% used [0x0000000081600000,0x0000000081fd7690,0x0000000084a80000)
 Metaspace       used 30793K, capacity 31858K, committed 31920K, reserved 1077248K
  class space    used 3984K, capacity 4213K, committed 4272K, reserved 1048576K
}
Event: 2.597 GC heap before
{Heap before GC invocations=8 (full 1):
 PSYoungGen      total 118272K, used 47601K [0x00000000d5d00000, 0x00000000ddb80000, 0x0000000100000000)
  eden space 109056K, 35% used [0x00000000d5d00000,0x00000000d82f9510,0x00000000dc780000)
  from space 9216K, 94% used [0x00000000dd280000,0x00000000ddb02f70,0x00000000ddb80000)
  to   space 9728K, 0% used [0x00000000dc880000,0x00000000dc880000,0x00000000dd200000)
 ParOldGen       total 53760K, used 10077K [0x0000000081600000, 0x0000000084a80000, 0x00000000d5d00000)
  object space 53760K, 18% used [0x0000000081600000,0x0000000081fd7690,0x0000000084a80000)
 Metaspace       used 34276K, capacity 35358K, committed 35496K, reserved 1081344K
  class space    used 4400K, capacity 4643K, committed 4656K, reserved 1048576K
Event: 2.605 GC heap after
Heap after GC invocations=8 (full 1):
 PSYoungGen      total 119808K, used 8742K [0x00000000d5d00000, 0x00000000e1f00000, 0x0000000100000000)
  eden space 110080K, 0% used [0x00000000d5d00000,0x00000000d5d00000,0x00000000dc880000)
  from space 9728K, 89% used [0x00000000dc880000,0x00000000dd109b08,0x00000000dd200000)
  to   space 10240K, 0% used [0x00000000e1500000,0x00000000e1500000,0x00000000e1f00000)
 ParOldGen       total 53760K, used 10085K [0x0000000081600000, 0x0000000084a80000, 0x00000000d5d00000)
  object space 53760K, 18% used [0x0000000081600000,0x0000000081fd9690,0x0000000084a80000)
 Metaspace       used 34276K, capacity 35358K, committed 35496K, reserved 1081344K
  class space    used 4400K, capacity 4643K, committed 4656K, reserved 1048576K
}
Event: 2.605 GC heap before
{Heap before GC invocations=9 (full 2):
 PSYoungGen      total 119808K, used 8742K [0x00000000d5d00000, 0x00000000e1f00000, 0x0000000100000000)
  eden space 110080K, 0% used [0x00000000d5d00000,0x00000000d5d00000,0x00000000dc880000)
  from space 9728K, 89% used [0x00000000dc880000,0x00000000dd109b08,0x00000000dd200000)
  to   space 10240K, 0% used [0x00000000e1500000,0x00000000e1500000,0x00000000e1f00000)
 ParOldGen       total 53760K, used 10085K [0x0000000081600000, 0x0000000084a80000, 0x00000000d5d00000)
  object space 53760K, 18% used [0x0000000081600000,0x0000000081fd9690,0x0000000084a80000)
 Metaspace       used 34276K, capacity 35358K, committed 35496K, reserved 1081344K
  class space    used 4400K, capacity 4643K, committed 4656K, reserved 1048576K
Event: 2.656 GC heap after
Heap after GC invocations=9 (full 2):
 PSYoungGen      total 119808K, used 0K [0x00000000d5d00000, 0x00000000e1f00000, 0x0000000100000000)
  eden space 110080K, 0% used [0x00000000d5d00000,0x00000000d5d00000,0x00000000dc880000)
  from space 9728K, 0% used [0x00000000dc880000,0x00000000dc880000,0x00000000dd200000)
  to   space 10240K, 0% used [0x00000000e1500000,0x00000000e1500000,0x00000000e1f00000)
 ParOldGen       total 53760K, used 13572K [0x0000000081600000, 0x0000000084a80000, 0x00000000d5d00000)
  object space 53760K, 25% used [0x0000000081600000,0x0000000082341120,0x0000000084a80000)
 Metaspace       used 34276K, capacity 35358K, committed 35496K, reserved 1081344K
  class space    used 4400K, capacity 4643K, committed 4656K, reserved 1048576K
}
Event: 3.565 GC heap before
{Heap before GC invocations=10 (full 2):
 PSYoungGen      total 119808K, used 110080K [0x00000000d5d00000, 0x00000000e1f00000, 0x0000000100000000)
  eden space 110080K, 100% used [0x00000000d5d00000,0x00000000dc880000,0x00000000dc880000)
  from space 9728K, 0% used [0x00000000dc880000,0x00000000dc880000,0x00000000dd200000)
  to   space 10240K, 0% used [0x00000000e1500000,0x00000000e1500000,0x00000000e1f00000)
 ParOldGen       total 53760K, used 13572K [0x0000000081600000, 0x0000000084a80000, 0x00000000d5d00000)
  object space 53760K, 25% used [0x0000000081600000,0x0000000082341120,0x0000000084a80000)
 Metaspace       used 36839K, capacity 38504K, committed 38704K, reserved 1083392K
  class space    used 4747K, capacity 5054K, committed 5168K, reserved 1048576K
Event: 3.572 GC heap after
Heap after GC invocations=10 (full 2):
 PSYoungGen      total 169472K, used 6494K [0x00000000d5d00000, 0x00000000e1b80000, 0x0000000100000000)
  eden space 162816K, 0% used [0x00000000d5d00000,0x00000000d5d00000,0x00000000dfc00000)
  from space 6656K, 97% used [0x00000000e1500000,0x00000000e1b57b28,0x00000000e1b80000)
  to   space 10240K, 0% used [0x00000000e0780000,0x00000000e0780000,0x00000000e1180000)
 ParOldGen       total 53760K, used 13572K [0x0000000081600000, 0x0000000084a80000, 0x00000000d5d00000)
  object space 53760K, 25% used [0x0000000081600000,0x0000000082341120,0x0000000084a80000)
 Metaspace       used 36839K, capacity 38504K, committed 38704K, reserved 1083392K
  class space    used 4747K, capacity 5054K, committed 5168K, reserved 1048576K
}

